#
# A fatal error has been detected by the Java Runtime Environment:
#
#  Internal Error (javaClasses.cpp:129), pid=11503, tid=140551381452544
#  fatal error: Invalid layout of preloaded class
#
# JRE version: 7.0_10-b18
# Java VM: Java HotSpot(TM) 64-Bit Server VM (23.6-b04 mixed mode linux-amd64 compressed oops)
# Failed to write core dump. Core dumps have been disabled. To enable core dumping, try "ulimit -c unlimited" before starting Java again
#
# If you would like to submit a bug report, please visit:
#   http://bugreport.sun.com/bugreport/crash.jsp
#

---------------  T H R E A D  ---------------

Current thread (0x00007fd4a4009000):  JavaThread "Unknown thread" [_thread_in_vm, id=11508, stack(0x00007fd4ab1a0000,0x00007fd4ab2a1000)]

Stack: [0x00007fd4ab1a0000,0x00007fd4ab2a1000],  sp=0x00007fd4ab29f7e0,  free space=1021k
Native frames: (J=compiled Java code, j=interpreted, Vv=VM code, C=native code)
V  [libjvm.so+0x8a531a]  VMError::report_and_die()+0x2ea
V  [libjvm.so+0x40aeb9]  report_fatal(char const*, int, char const*)+0x59
V  [libjvm.so+0x5558f7]  compute_offset(int&, klassOopDesc*, Symbol*, Symbol*, bool)+0x137
V  [libjvm.so+0x556ab9]  java_lang_String::compute_offsets()+0x39
V  [libjvm.so+0x8343d3]  SystemDictionary::initialize_preloaded_classes(Thread*)+0x143
V  [libjvm.so+0x880514]  Universe::genesis(Thread*)+0x474
V  [libjvm.so+0x8809c4]  universe2_init()+0x24
V  [libjvm.so+0x503d0d]  init_globals()+0xbd
V  [libjvm.so+0x866f62]  Threads::create_vm(JavaVMInitArgs*, bool*)+0x1e2
V  [libjvm.so+0x563bc4]  JNI_CreateJavaVM+0x74
C  [libjli.so+0x2f8e]  JavaMain+0x9e


---------------  P R O C E S S  ---------------

Java Threads: ( => current thread )

Other Threads:

=>0x00007fd4a4009000 (exited) JavaThread "Unknown thread" [_thread_in_vm, id=11508, stack(0x00007fd4ab1a0000,0x00007fd4ab2a1000)]

VM state:not at safepoint (not fully initialized)

VM Mutex/Monitor currently owned by a thread: None

GC Heap History (0 events):
No events

Deoptimization events (0 events):
No events

Internal exceptions (0 events):
No events

Events (10 events):
Event: 0.006 loading class 0x00007fd4a402aa00 done
Event: 0.006 loading class 0x00007fd4a402a2a0 done
Event: 0.006 loading class 0x00007fd4a402a270
Event: 0.006 loading class 0x00007fd4a40552c0
Event: 0.006 loading class 0x00007fd4a40552c0 done
Event: 0.006 loading class 0x00007fd4a4055300
Event: 0.006 loading class 0x00007fd4a4055300 done
Event: 0.006 loading class 0x00007fd4a4055340
Event: 0.006 loading class 0x00007fd4a4055340 done
Event: 0.006 loading class 0x00007fd4a402a270 done


Dynamic libraries:
00400000-00401000 r-xp 00000000 08:06 24643804                           /usr/lib/jvm/jdk1.7.0_10/bin/java
00600000-00601000 rw-p 00000000 08:06 24643804                           /usr/lib/jvm/jdk1.7.0_10/bin/java
008ce000-008ef000 rw-p 00000000 00:00 0                                  [heap]
84400000-858c0000 rw-p 00000000 00:00 0 
858c0000-89600000 rw-p 00000000 00:00 0 
89600000-8e510000 rw-p 00000000 00:00 0 
8e510000-d8760000 rw-p 00000000 00:00 0 
d8760000-daee0000 rw-p 00000000 00:00 0 
daee0000-100000000 rw-p 00000000 00:00 0 
7fd47c000000-7fd47c021000 rw-p 00000000 00:00 0 
7fd47c021000-7fd480000000 ---p 00000000 00:00 0 
7fd484000000-7fd484021000 rw-p 00000000 00:00 0 
7fd484021000-7fd488000000 ---p 00000000 00:00 0 
7fd48c000000-7fd48c021000 rw-p 00000000 00:00 0 
7fd48c021000-7fd490000000 ---p 00000000 00:00 0 
7fd494000000-7fd494021000 rw-p 00000000 00:00 0 
7fd494021000-7fd498000000 ---p 00000000 00:00 0 
7fd49bafe000-7fd4a0a84000 rw-p 00000000 00:00 0 
7fd4a0a84000-7fd4a0a85000 ---p 00000000 00:00 0 
7fd4a0a85000-7fd4a0b85000 rw-p 00000000 00:00 0 
7fd4a0b85000-7fd4a0b86000 ---p 00000000 00:00 0 
7fd4a0b86000-7fd4a0c86000 rw-p 00000000 00:00 0 
7fd4a0c86000-7fd4a0c87000 ---p 00000000 00:00 0 
7fd4a0c87000-7fd4a0daf000 rw-p 00000000 00:00 0 
7fd4a0daf000-7fd4a1000000 rw-p 00000000 00:00 0 
7fd4a1000000-7fd4a1270000 rwxp 00000000 00:00 0 
7fd4a1270000-7fd4a405f000 rw-p 00000000 00:00 0 
7fd4a405f000-7fd4a8000000 ---p 00000000 00:00 0 
7fd4a8004000-7fd4a80c6000 r--s 010c7000 08:06 5779176                    /opt/android-sdk-linux/platforms/android-16/android.jar
7fd4a80c6000-7fd4a80ee000 rw-p 00000000 00:00 0 
7fd4a80ee000-7fd4a80ef000 ---p 00000000 00:00 0 
7fd4a80ef000-7fd4a81fa000 rw-p 00000000 00:00 0 
7fd4a81fa000-7fd4a8218000 rw-p 00000000 00:00 0 
7fd4a8218000-7fd4a8223000 rw-p 00000000 00:00 0 
7fd4a8223000-7fd4a8241000 rw-p 00000000 00:00 0 
7fd4a8241000-7fd4a8269000 rw-p 00000000 00:00 0 
7fd4a8269000-7fd4a84b9000 rw-p 00000000 00:00 0 
7fd4a84b9000-7fd4a84ce000 rw-p 00000000 00:00 0 
7fd4a84ce000-7fd4a85f6000 rw-p 00000000 00:00 0 
7fd4a85f6000-7fd4a85f7000 rw-p 00000000 00:00 0 
7fd4a85f7000-7fd4a8611000 r-xp 00000000 08:06 24644016                   /usr/lib/jvm/jdk1.7.0_10/jre/lib/amd64/libzip.so
7fd4a8611000-7fd4a8811000 ---p 0001a000 08:06 24644016                   /usr/lib/jvm/jdk1.7.0_10/jre/lib/amd64/libzip.so
7fd4a8811000-7fd4a8812000 rw-p 0001a000 08:06 24644016                   /usr/lib/jvm/jdk1.7.0_10/jre/lib/amd64/libzip.so
7fd4a8812000-7fd4a881e000 r-xp 00000000 08:06 1579453                    /lib/x86_64-linux-gnu/libnss_files-2.15.so
7fd4a881e000-7fd4a8a1d000 ---p 0000c000 08:06 1579453                    /lib/x86_64-linux-gnu/libnss_files-2.15.so
7fd4a8a1d000-7fd4a8a1e000 r--p 0000b000 08:06 1579453                    /lib/x86_64-linux-gnu/libnss_files-2.15.so
7fd4a8a1e000-7fd4a8a1f000 rw-p 0000c000 08:06 1579453                    /lib/x86_64-linux-gnu/libnss_files-2.15.so
7fd4a8a1f000-7fd4a8a29000 r-xp 00000000 08:06 1579449                    /lib/x86_64-linux-gnu/libnss_nis-2.15.so
7fd4a8a29000-7fd4a8c29000 ---p 0000a000 08:06 1579449                    /lib/x86_64-linux-gnu/libnss_nis-2.15.so
7fd4a8c29000-7fd4a8c2a000 r--p 0000a000 08:06 1579449                    /lib/x86_64-linux-gnu/libnss_nis-2.15.so
7fd4a8c2a000-7fd4a8c2b000 rw-p 0000b000 08:06 1579449                    /lib/x86_64-linux-gnu/libnss_nis-2.15.so
7fd4a8c2b000-7fd4a8c42000 r-xp 00000000 08:06 1579462                    /lib/x86_64-linux-gnu/libnsl-2.15.so
7fd4a8c42000-7fd4a8e41000 ---p 00017000 08:06 1579462                    /lib/x86_64-linux-gnu/libnsl-2.15.so
7fd4a8e41000-7fd4a8e42000 r--p 00016000 08:06 1579462                    /lib/x86_64-linux-gnu/libnsl-2.15.so
7fd4a8e42000-7fd4a8e43000 rw-p 00017000 08:06 1579462                    /lib/x86_64-linux-gnu/libnsl-2.15.so
7fd4a8e43000-7fd4a8e45000 rw-p 00000000 00:00 0 
7fd4a8e45000-7fd4a8e4d000 r-xp 00000000 08:06 1579454                    /lib/x86_64-linux-gnu/libnss_compat-2.15.so
7fd4a8e4d000-7fd4a904c000 ---p 00008000 08:06 1579454                    /lib/x86_64-linux-gnu/libnss_compat-2.15.so
7fd4a904c000-7fd4a904d000 r--p 00007000 08:06 1579454                    /lib/x86_64-linux-gnu/libnss_compat-2.15.so
7fd4a904d000-7fd4a904e000 rw-p 00008000 08:06 1579454                    /lib/x86_64-linux-gnu/libnss_compat-2.15.so
7fd4a904e000-7fd4a9077000 r-xp 00000000 08:06 24644056                   /usr/lib/jvm/jdk1.7.0_10/jre/lib/amd64/libjava.so
7fd4a9077000-7fd4a9277000 ---p 00029000 08:06 24644056                   /usr/lib/jvm/jdk1.7.0_10/jre/lib/amd64/libjava.so
7fd4a9277000-7fd4a9279000 rw-p 00029000 08:06 24644056                   /usr/lib/jvm/jdk1.7.0_10/jre/lib/amd64/libjava.so
7fd4a9279000-7fd4a9286000 r-xp 00000000 08:06 24644071                   /usr/lib/jvm/jdk1.7.0_10/jre/lib/amd64/libverify.so
7fd4a9286000-7fd4a9485000 ---p 0000d000 08:06 24644071                   /usr/lib/jvm/jdk1.7.0_10/jre/lib/amd64/libverify.so
7fd4a9485000-7fd4a9487000 rw-p 0000c000 08:06 24644071                   /usr/lib/jvm/jdk1.7.0_10/jre/lib/amd64/libverify.so
7fd4a9487000-7fd4a948e000 r-xp 00000000 08:06 1579447                    /lib/x86_64-linux-gnu/librt-2.15.so
7fd4a948e000-7fd4a968d000 ---p 00007000 08:06 1579447                    /lib/x86_64-linux-gnu/librt-2.15.so
7fd4a968d000-7fd4a968e000 r--p 00006000 08:06 1579447                    /lib/x86_64-linux-gnu/librt-2.15.so
7fd4a968e000-7fd4a968f000 rw-p 00007000 08:06 1579447                    /lib/x86_64-linux-gnu/librt-2.15.so
7fd4a968f000-7fd4a978a000 r-xp 00000000 08:06 1579451                    /lib/x86_64-linux-gnu/libm-2.15.so
7fd4a978a000-7fd4a9989000 ---p 000fb000 08:06 1579451                    /lib/x86_64-linux-gnu/libm-2.15.so
7fd4a9989000-7fd4a998a000 r--p 000fa000 08:06 1579451                    /lib/x86_64-linux-gnu/libm-2.15.so
7fd4a998a000-7fd4a998b000 rw-p 000fb000 08:06 1579451                    /lib/x86_64-linux-gnu/libm-2.15.so
7fd4a998b000-7fd4aa3d2000 r-xp 00000000 08:06 24644025                   /usr/lib/jvm/jdk1.7.0_10/jre/lib/amd64/server/libjvm.so
7fd4aa3d2000-7fd4aa5d2000 ---p 00a47000 08:06 24644025                   /usr/lib/jvm/jdk1.7.0_10/jre/lib/amd64/server/libjvm.so
7fd4aa5d2000-7fd4aa675000 rw-p 00a47000 08:06 24644025                   /usr/lib/jvm/jdk1.7.0_10/jre/lib/amd64/server/libjvm.so
7fd4aa675000-7fd4aa6b1000 rw-p 00000000 00:00 0 
7fd4aa6b1000-7fd4aa866000 r-xp 00000000 08:06 1579443                    /lib/x86_64-linux-gnu/libc-2.15.so
7fd4aa866000-7fd4aaa65000 ---p 001b5000 08:06 1579443                    /lib/x86_64-linux-gnu/libc-2.15.so
7fd4aaa65000-7fd4aaa69000 r--p 001b4000 08:06 1579443                    /lib/x86_64-linux-gnu/libc-2.15.so
7fd4aaa69000-7fd4aaa6b000 rw-p 001b8000 08:06 1579443                    /lib/x86_64-linux-gnu/libc-2.15.so
7fd4aaa6b000-7fd4aaa70000 rw-p 00000000 00:00 0 
7fd4aaa70000-7fd4aaa72000 r-xp 00000000 08:06 1573775                    /lib/x86_64-linux-gnu/libdl-2.15.so
7fd4aaa72000-7fd4aac72000 ---p 00002000 08:06 1573775                    /lib/x86_64-linux-gnu/libdl-2.15.so
7fd4aac72000-7fd4aac73000 r--p 00002000 08:06 1573775                    /lib/x86_64-linux-gnu/libdl-2.15.so
7fd4aac73000-7fd4aac74000 rw-p 00003000 08:06 1573775                    /lib/x86_64-linux-gnu/libdl-2.15.so
7fd4aac74000-7fd4aac8a000 r-xp 00000000 08:06 24644068                   /usr/lib/jvm/jdk1.7.0_10/jre/lib/amd64/jli/libjli.so
7fd4aac8a000-7fd4aae8a000 ---p 00016000 08:06 24644068                   /usr/lib/jvm/jdk1.7.0_10/jre/lib/amd64/jli/libjli.so
7fd4aae8a000-7fd4aae8b000 rw-p 00016000 08:06 24644068                   /usr/lib/jvm/jdk1.7.0_10/jre/lib/amd64/jli/libjli.so
7fd4aae8b000-7fd4aaea3000 r-xp 00000000 08:06 1579445                    /lib/x86_64-linux-gnu/libpthread-2.15.so
7fd4aaea3000-7fd4ab0a2000 ---p 00018000 08:06 1579445                    /lib/x86_64-linux-gnu/libpthread-2.15.so
7fd4ab0a2000-7fd4ab0a3000 r--p 00017000 08:06 1579445                    /lib/x86_64-linux-gnu/libpthread-2.15.so
7fd4ab0a3000-7fd4ab0a4000 rw-p 00018000 08:06 1579445                    /lib/x86_64-linux-gnu/libpthread-2.15.so
7fd4ab0a4000-7fd4ab0a8000 rw-p 00000000 00:00 0 
7fd4ab0a8000-7fd4ab0ca000 r-xp 00000000 08:06 1579457                    /lib/x86_64-linux-gnu/ld-2.15.so
7fd4ab0e0000-7fd4ab0ea000 rw-p 00000000 00:00 0 
7fd4ab0ea000-7fd4ab1a0000 rw-p 00000000 00:00 0 
7fd4ab1a0000-7fd4ab1a3000 ---p 00000000 00:00 0 
7fd4ab1a3000-7fd4ab2a5000 rw-p 00000000 00:00 0 
7fd4ab2be000-7fd4ab2c6000 rw-s 00000000 08:06 14811425                   /tmp/hsperfdata_shunsuke/11503
7fd4ab2c6000-7fd4ab2c7000 rw-p 00000000 00:00 0 
7fd4ab2c7000-7fd4ab2c8000 r--p 00000000 00:00 0 
7fd4ab2c8000-7fd4ab2ca000 rw-p 00000000 00:00 0 
7fd4ab2ca000-7fd4ab2cb000 r--p 00022000 08:06 1579457                    /lib/x86_64-linux-gnu/ld-2.15.so
7fd4ab2cb000-7fd4ab2cd000 rw-p 00023000 08:06 1579457                    /lib/x86_64-linux-gnu/ld-2.15.so
7fffc0f7d000-7fffc0f9e000 rw-p 00000000 00:00 0                          [stack]
7fffc0fff000-7fffc1000000 r-xp 00000000 00:00 0                          [vdso]
ffffffffff600000-ffffffffff601000 r-xp 00000000 00:00 0                  [vsyscall]

VM Arguments:
jvm_args: -Dfile.encoding=UTF-8 -Xbootclasspath:/opt/android-sdk-linux/platforms/android-16/android.jar 
java_command: ya.example.manga4.CustomPagerAdapter
Launcher Type: SUN_STANDARD

Environment Variables:
PATH=/home/shunsuke/bin:/usr/lib/lightdm/lightdm:/usr/local/sbin:/usr/local/bin:/usr/sbin:/usr/bin:/sbin:/bin:/usr/games
SHELL=/bin/bash
DISPLAY=:0

Signal Handlers:
SIGSEGV: [libjvm.so+0x8a5c80], sa_mask[0]=0x7ffbfeff, sa_flags=0x10000004
SIGBUS: [libjvm.so+0x8a5c80], sa_mask[0]=0x7ffbfeff, sa_flags=0x10000004
SIGFPE: [libjvm.so+0x741d60], sa_mask[0]=0x7ffbfeff, sa_flags=0x10000004
SIGPIPE: [libjvm.so+0x741d60], sa_mask[0]=0x7ffbfeff, sa_flags=0x10000004
SIGXFSZ: [libjvm.so+0x741d60], sa_mask[0]=0x7ffbfeff, sa_flags=0x10000004
SIGILL: [libjvm.so+0x741d60], sa_mask[0]=0x7ffbfeff, sa_flags=0x10000004
SIGUSR1: SIG_DFL, sa_mask[0]=0x00000000, sa_flags=0x00000000
SIGUSR2: [libjvm.so+0x7416b0], sa_mask[0]=0x00000004, sa_flags=0x10000004
SIGHUP: SIG_DFL, sa_mask[0]=0x00000000, sa_flags=0x00000000
SIGINT: SIG_DFL, sa_mask[0]=0x00000000, sa_flags=0x00000000
SIGTERM: SIG_DFL, sa_mask[0]=0x00000000, sa_flags=0x00000000
SIGQUIT: SIG_DFL, sa_mask[0]=0x00000000, sa_flags=0x00000000


---------------  S Y S T E M  ---------------

OS:wheezy/sid

uname:Linux 3.2.0-51-generic #77-Ubuntu SMP Wed Jul 24 20:18:19 UTC 2013 x86_64
libc:glibc 2.15 NPTL 2.15 
rlimit: STACK 8192k, CORE 0k, NPROC 60538, NOFILE 4096, AS infinity
load average:1.14 0.79 0.58

/proc/meminfo:
MemTotal:        7766524 kB
MemFree:          346092 kB
Buffers:          607312 kB
Cached:          2009024 kB
SwapCached:            0 kB
Active:          5317048 kB
Inactive:        1609960 kB
Active(anon):    4368056 kB
Inactive(anon):   307716 kB
Active(file):     948992 kB
Inactive(file):  1302244 kB
Unevictable:           0 kB
Mlocked:               0 kB
SwapTotal:             0 kB
SwapFree:              0 kB
Dirty:              6408 kB
Writeback:             0 kB
AnonPages:       4310888 kB
Mapped:           302168 kB
Shmem:            365100 kB
Slab:             327296 kB
SReclaimable:     289572 kB
SUnreclaim:        37724 kB
KernelStack:        4944 kB
PageTables:        47508 kB
NFS_Unstable:          0 kB
Bounce:                0 kB
WritebackTmp:          0 kB
CommitLimit:     3883260 kB
Committed_AS:    7685492 kB
VmallocTotal:   34359738367 kB
VmallocUsed:      366316 kB
VmallocChunk:   34359346112 kB
HardwareCorrupted:     0 kB
AnonHugePages:         0 kB
HugePages_Total:       0
HugePages_Free:        0
HugePages_Rsvd:        0
HugePages_Surp:        0
Hugepagesize:       2048 kB
DirectMap4k:       80076 kB
DirectMap2M:     7895040 kB


CPU:total 4 (4 cores per cpu, 2 threads per core) family 6 model 58 stepping 9, cmov, cx8, fxsr, mmx, sse, sse2, sse3, ssse3, sse4.1, sse4.2, popcnt, avx, ht, tsc, tscinvbit, tscinv

/proc/cpuinfo:
processor	: 0
vendor_id	: GenuineIntel
cpu family	: 6
model		: 58
model name	: Intel(R) Core(TM) i7-3612QM CPU @ 2.10GHz
stepping	: 9
microcode	: 0x12
cpu MHz		: 1200.000
cache size	: 6144 KB
physical id	: 0
siblings	: 4
core id		: 0
cpu cores	: 4
apicid		: 0
initial apicid	: 0
fpu		: yes
fpu_exception	: yes
cpuid level	: 13
wp		: yes
flags		: fpu vme de pse tsc msr pae mce cx8 apic sep mtrr pge mca cmov pat pse36 clflush dts acpi mmx fxsr sse sse2 ss ht tm pbe syscall nx rdtscp lm constant_tsc arch_perfmon pebs bts rep_good nopl xtopology nonstop_tsc aperfmperf pni pclmulqdq dtes64 monitor ds_cpl vmx est tm2 ssse3 cx16 xtpr pdcm pcid sse4_1 sse4_2 x2apic popcnt tsc_deadline_timer aes xsave avx f16c rdrand lahf_lm ida arat epb xsaveopt pln pts dtherm tpr_shadow vnmi flexpriority ept vpid fsgsbase smep erms
bogomips	: 4190.91
clflush size	: 64
cache_alignment	: 64
address sizes	: 36 bits physical, 48 bits virtual
power management:

processor	: 1
vendor_id	: GenuineIntel
cpu family	: 6
model		: 58
model name	: Intel(R) Core(TM) i7-3612QM CPU @ 2.10GHz
stepping	: 9
microcode	: 0x12
cpu MHz		: 1200.000
cache size	: 6144 KB
physical id	: 0
siblings	: 4
core id		: 1
cpu cores	: 4
apicid		: 2
initial apicid	: 2
fpu		: yes
fpu_exception	: yes
cpuid level	: 13
wp		: yes
flags		: fpu vme de pse tsc msr pae mce cx8 apic sep mtrr pge mca cmov pat pse36 clflush dts acpi mmx fxsr sse sse2 ss ht tm pbe syscall nx rdtscp lm constant_tsc arch_perfmon pebs bts rep_good nopl xtopology nonstop_tsc aperfmperf pni pclmulqdq dtes64 monitor ds_cpl vmx est tm2 ssse3 cx16 xtpr pdcm pcid sse4_1 sse4_2 x2apic popcnt tsc_deadline_timer aes xsave avx f16c rdrand lahf_lm ida arat epb xsaveopt pln pts dtherm tpr_shadow vnmi flexpriority ept vpid fsgsbase smep erms
bogomips	: 4190.30
clflush size	: 64
cache_alignment	: 64
address sizes	: 36 bits physical, 48 bits virtual
power management:

processor	: 2
vendor_id	: GenuineIntel
cpu family	: 6
model		: 58
model name	: Intel(R) Core(TM) i7-3612QM CPU @ 2.10GHz
stepping	: 9
microcode	: 0x12
cpu MHz		: 2101.000
cache size	: 6144 KB
physical id	: 0
siblings	: 4
core id		: 2
cpu cores	: 4
apicid		: 4
initial apicid	: 4
fpu		: yes
fpu_exception	: yes
cpuid level	: 13
wp		: yes
flags		: fpu vme de pse tsc msr pae mce cx8 apic sep mtrr pge mca cmov pat pse36 clflush dts acpi mmx fxsr sse sse2 ss ht tm pbe syscall nx rdtscp lm constant_tsc arch_perfmon pebs bts rep_good nopl xtopology nonstop_tsc aperfmperf pni pclmulqdq dtes64 monitor ds_cpl vmx est tm2 ssse3 cx16 xtpr pdcm pcid sse4_1 sse4_2 x2apic popcnt tsc_deadline_timer aes xsave avx f16c rdrand lahf_lm ida arat epb xsaveopt pln pts dtherm tpr_shadow vnmi flexpriority ept vpid fsgsbase smep erms
bogomips	: 4190.29
clflush size	: 64
cache_alignment	: 64
address sizes	: 36 bits physical, 48 bits virtual
power management:

processor	: 3
vendor_id	: GenuineIntel
cpu family	: 6
model		: 58
model name	: Intel(R) Core(TM) i7-3612QM CPU @ 2.10GHz
stepping	: 9
microcode	: 0x12
cpu MHz		: 2101.000
cache size	: 6144 KB
physical id	: 0
siblings	: 4
core id		: 3
cpu cores	: 4
apicid		: 6
initial apicid	: 6
fpu		: yes
fpu_exception	: yes
cpuid level	: 13
wp		: yes
flags		: fpu vme de pse tsc msr pae mce cx8 apic sep mtrr pge mca cmov pat pse36 clflush dts acpi mmx fxsr sse sse2 ss ht tm pbe syscall nx rdtscp lm constant_tsc arch_perfmon pebs bts rep_good nopl xtopology nonstop_tsc aperfmperf pni pclmulqdq dtes64 monitor ds_cpl vmx est tm2 ssse3 cx16 xtpr pdcm pcid sse4_1 sse4_2 x2apic popcnt tsc_deadline_timer aes xsave avx f16c rdrand lahf_lm ida arat epb xsaveopt pln pts dtherm tpr_shadow vnmi flexpriority ept vpid fsgsbase smep erms
bogomips	: 4190.29
clflush size	: 64
cache_alignment	: 64
address sizes	: 36 bits physical, 48 bits virtual
power management:



Memory: 4k page, physical 7766524k(346092k free), swap 0k(0k free)

vm_info: Java HotSpot(TM) 64-Bit Server VM (23.6-b04) for linux-amd64 JRE (1.7.0_10-b18), built on Nov 28 2012 03:39:52 by "java_re" with gcc 4.3.0 20080428 (Red Hat 4.3.0-8)

time: Fri Aug  9 11:54:59 2013
elapsed time: 0 seconds

