#
# A fatal error has been detected by the Java Runtime Environment:
#
#  Internal Error (javaClasses.cpp:129), pid=11794, tid=140134922229504
#  fatal error: Invalid layout of preloaded class
#
# JRE version: 7.0_10-b18
# Java VM: Java HotSpot(TM) 64-Bit Server VM (23.6-b04 mixed mode linux-amd64 compressed oops)
# Failed to write core dump. Core dumps have been disabled. To enable core dumping, try "ulimit -c unlimited" before starting Java again
#
# If you would like to submit a bug report, please visit:
#   http://bugreport.sun.com/bugreport/crash.jsp
#

---------------  T H R E A D  ---------------

Current thread (0x00007f73ac009000):  JavaThread "Unknown thread" [_thread_in_vm, id=11798, stack(0x00007f73b4329000,0x00007f73b442a000)]

Stack: [0x00007f73b4329000,0x00007f73b442a000],  sp=0x00007f73b44287e0,  free space=1021k
Native frames: (J=compiled Java code, j=interpreted, Vv=VM code, C=native code)
V  [libjvm.so+0x8a531a]  VMError::report_and_die()+0x2ea
V  [libjvm.so+0x40aeb9]  report_fatal(char const*, int, char const*)+0x59
V  [libjvm.so+0x5558f7]  compute_offset(int&, klassOopDesc*, Symbol*, Symbol*, bool)+0x137
V  [libjvm.so+0x556ab9]  java_lang_String::compute_offsets()+0x39
V  [libjvm.so+0x8343d3]  SystemDictionary::initialize_preloaded_classes(Thread*)+0x143
V  [libjvm.so+0x880514]  Universe::genesis(Thread*)+0x474
V  [libjvm.so+0x8809c4]  universe2_init()+0x24
V  [libjvm.so+0x503d0d]  init_globals()+0xbd
V  [libjvm.so+0x866f62]  Threads::create_vm(JavaVMInitArgs*, bool*)+0x1e2
V  [libjvm.so+0x563bc4]  JNI_CreateJavaVM+0x74
C  [libjli.so+0x2f8e]  JavaMain+0x9e


---------------  P R O C E S S  ---------------

Java Threads: ( => current thread )

Other Threads:

=>0x00007f73ac009000 (exited) JavaThread "Unknown thread" [_thread_in_vm, id=11798, stack(0x00007f73b4329000,0x00007f73b442a000)]

VM state:not at safepoint (not fully initialized)

VM Mutex/Monitor currently owned by a thread: None

GC Heap History (0 events):
No events

Deoptimization events (0 events):
No events

Internal exceptions (0 events):
No events

Events (10 events):
Event: 0.009 loading class 0x00007f73ac02aa00 done
Event: 0.010 loading class 0x00007f73ac02a2a0 done
Event: 0.010 loading class 0x00007f73ac02a270
Event: 0.010 loading class 0x00007f73ac0552c0
Event: 0.010 loading class 0x00007f73ac0552c0 done
Event: 0.010 loading class 0x00007f73ac055300
Event: 0.010 loading class 0x00007f73ac055300 done
Event: 0.010 loading class 0x00007f73ac055340
Event: 0.010 loading class 0x00007f73ac055340 done
Event: 0.010 loading class 0x00007f73ac02a270 done


Dynamic libraries:
00400000-00401000 r-xp 00000000 08:06 24643804                           /usr/lib/jvm/jdk1.7.0_10/bin/java
00600000-00601000 rw-p 00000000 08:06 24643804                           /usr/lib/jvm/jdk1.7.0_10/bin/java
00a4c000-00a6d000 rw-p 00000000 00:00 0                                  [heap]
84400000-858c0000 rw-p 00000000 00:00 0 
858c0000-89600000 rw-p 00000000 00:00 0 
89600000-8e510000 rw-p 00000000 00:00 0 
8e510000-d8760000 rw-p 00000000 00:00 0 
d8760000-daee0000 rw-p 00000000 00:00 0 
daee0000-100000000 rw-p 00000000 00:00 0 
7f7390000000-7f7394000000 ---p 00000000 00:00 0 
7f7398000000-7f7398021000 rw-p 00000000 00:00 0 
7f7398021000-7f739c000000 ---p 00000000 00:00 0 
7f739c000000-7f739c021000 rw-p 00000000 00:00 0 
7f739c021000-7f73a0000000 ---p 00000000 00:00 0 
7f73a0000000-7f73a0021000 rw-p 00000000 00:00 0 
7f73a0021000-7f73a4000000 ---p 00000000 00:00 0 
7f73a42a8000-7f73a9000000 rw-p 00000000 00:00 0 
7f73a9000000-7f73a9270000 rwxp 00000000 00:00 0 
7f73a9270000-7f73ac05f000 rw-p 00000000 00:00 0 
7f73ac05f000-7f73b0000000 ---p 00000000 00:00 0 
7f73b09e3000-7f73b0c11000 rw-p 00000000 00:00 0 
7f73b0c11000-7f73b0cd3000 r--s 010c7000 08:06 5779176                    /opt/android-sdk-linux/platforms/android-16/android.jar
7f73b0cd3000-7f73b0cfb000 rw-p 00000000 00:00 0 
7f73b0cfb000-7f73b0cfc000 ---p 00000000 00:00 0 
7f73b0cfc000-7f73b0dfc000 rw-p 00000000 00:00 0 
7f73b0dfc000-7f73b0dfd000 ---p 00000000 00:00 0 
7f73b0dfd000-7f73b0efd000 rw-p 00000000 00:00 0 
7f73b0efd000-7f73b0efe000 ---p 00000000 00:00 0 
7f73b0efe000-7f73b0ffe000 rw-p 00000000 00:00 0 
7f73b0ffe000-7f73b0fff000 ---p 00000000 00:00 0 
7f73b0fff000-7f73b110a000 rw-p 00000000 00:00 0 
7f73b110a000-7f73b1128000 rw-p 00000000 00:00 0 
7f73b1128000-7f73b1150000 rw-p 00000000 00:00 0 
7f73b1150000-7f73b13a1000 rw-p 00000000 00:00 0 
7f73b13a1000-7f73b13ac000 rw-p 00000000 00:00 0 
7f73b13ac000-7f73b13ca000 rw-p 00000000 00:00 0 
7f73b13ca000-7f73b13f2000 rw-p 00000000 00:00 0 
7f73b13f2000-7f73b1642000 rw-p 00000000 00:00 0 
7f73b1642000-7f73b1657000 rw-p 00000000 00:00 0 
7f73b1657000-7f73b177f000 rw-p 00000000 00:00 0 
7f73b177f000-7f73b1780000 rw-p 00000000 00:00 0 
7f73b1780000-7f73b179a000 r-xp 00000000 08:06 24644016                   /usr/lib/jvm/jdk1.7.0_10/jre/lib/amd64/libzip.so
7f73b179a000-7f73b199a000 ---p 0001a000 08:06 24644016                   /usr/lib/jvm/jdk1.7.0_10/jre/lib/amd64/libzip.so
7f73b199a000-7f73b199b000 rw-p 0001a000 08:06 24644016                   /usr/lib/jvm/jdk1.7.0_10/jre/lib/amd64/libzip.so
7f73b199b000-7f73b19a7000 r-xp 00000000 08:06 1579453                    /lib/x86_64-linux-gnu/libnss_files-2.15.so
7f73b19a7000-7f73b1ba6000 ---p 0000c000 08:06 1579453                    /lib/x86_64-linux-gnu/libnss_files-2.15.so
7f73b1ba6000-7f73b1ba7000 r--p 0000b000 08:06 1579453                    /lib/x86_64-linux-gnu/libnss_files-2.15.so
7f73b1ba7000-7f73b1ba8000 rw-p 0000c000 08:06 1579453                    /lib/x86_64-linux-gnu/libnss_files-2.15.so
7f73b1ba8000-7f73b1bb2000 r-xp 00000000 08:06 1579449                    /lib/x86_64-linux-gnu/libnss_nis-2.15.so
7f73b1bb2000-7f73b1db2000 ---p 0000a000 08:06 1579449                    /lib/x86_64-linux-gnu/libnss_nis-2.15.so
7f73b1db2000-7f73b1db3000 r--p 0000a000 08:06 1579449                    /lib/x86_64-linux-gnu/libnss_nis-2.15.so
7f73b1db3000-7f73b1db4000 rw-p 0000b000 08:06 1579449                    /lib/x86_64-linux-gnu/libnss_nis-2.15.so
7f73b1db4000-7f73b1dcb000 r-xp 00000000 08:06 1579462                    /lib/x86_64-linux-gnu/libnsl-2.15.so
7f73b1dcb000-7f73b1fca000 ---p 00017000 08:06 1579462                    /lib/x86_64-linux-gnu/libnsl-2.15.so
7f73b1fca000-7f73b1fcb000 r--p 00016000 08:06 1579462                    /lib/x86_64-linux-gnu/libnsl-2.15.so
7f73b1fcb000-7f73b1fcc000 rw-p 00017000 08:06 1579462                    /lib/x86_64-linux-gnu/libnsl-2.15.so
7f73b1fcc000-7f73b1fce000 rw-p 00000000 00:00 0 
7f73b1fce000-7f73b1fd6000 r-xp 00000000 08:06 1579454                    /lib/x86_64-linux-gnu/libnss_compat-2.15.so
7f73b1fd6000-7f73b21d5000 ---p 00008000 08:06 1579454                    /lib/x86_64-linux-gnu/libnss_compat-2.15.so
7f73b21d5000-7f73b21d6000 r--p 00007000 08:06 1579454                    /lib/x86_64-linux-gnu/libnss_compat-2.15.so
7f73b21d6000-7f73b21d7000 rw-p 00008000 08:06 1579454                    /lib/x86_64-linux-gnu/libnss_compat-2.15.so
7f73b21d7000-7f73b2200000 r-xp 00000000 08:06 24644056                   /usr/lib/jvm/jdk1.7.0_10/jre/lib/amd64/libjava.so
7f73b2200000-7f73b2400000 ---p 00029000 08:06 24644056                   /usr/lib/jvm/jdk1.7.0_10/jre/lib/amd64/libjava.so
7f73b2400000-7f73b2402000 rw-p 00029000 08:06 24644056                   /usr/lib/jvm/jdk1.7.0_10/jre/lib/amd64/libjava.so
7f73b2402000-7f73b240f000 r-xp 00000000 08:06 24644071                   /usr/lib/jvm/jdk1.7.0_10/jre/lib/amd64/libverify.so
7f73b240f000-7f73b260e000 ---p 0000d000 08:06 24644071                   /usr/lib/jvm/jdk1.7.0_10/jre/lib/amd64/libverify.so
7f73b260e000-7f73b2610000 rw-p 0000c000 08:06 24644071                   /usr/lib/jvm/jdk1.7.0_10/jre/lib/amd64/libverify.so
7f73b2610000-7f73b2617000 r-xp 00000000 08:06 1579447                    /lib/x86_64-linux-gnu/librt-2.15.so
7f73b2617000-7f73b2816000 ---p 00007000 08:06 1579447                    /lib/x86_64-linux-gnu/librt-2.15.so
7f73b2816000-7f73b2817000 r--p 00006000 08:06 1579447                    /lib/x86_64-linux-gnu/librt-2.15.so
7f73b2817000-7f73b2818000 rw-p 00007000 08:06 1579447                    /lib/x86_64-linux-gnu/librt-2.15.so
7f73b2818000-7f73b2913000 r-xp 00000000 08:06 1579451                    /lib/x86_64-linux-gnu/libm-2.15.so
7f73b2913000-7f73b2b12000 ---p 000fb000 08:06 1579451                    /lib/x86_64-linux-gnu/libm-2.15.so
7f73b2b12000-7f73b2b13000 r--p 000fa000 08:06 1579451                    /lib/x86_64-linux-gnu/libm-2.15.so
7f73b2b13000-7f73b2b14000 rw-p 000fb000 08:06 1579451                    /lib/x86_64-linux-gnu/libm-2.15.so
7f73b2b14000-7f73b355b000 r-xp 00000000 08:06 24644025                   /usr/lib/jvm/jdk1.7.0_10/jre/lib/amd64/server/libjvm.so
7f73b355b000-7f73b375b000 ---p 00a47000 08:06 24644025                   /usr/lib/jvm/jdk1.7.0_10/jre/lib/amd64/server/libjvm.so
7f73b375b000-7f73b37fe000 rw-p 00a47000 08:06 24644025                   /usr/lib/jvm/jdk1.7.0_10/jre/lib/amd64/server/libjvm.so
7f73b37fe000-7f73b383a000 rw-p 00000000 00:00 0 
7f73b383a000-7f73b39ef000 r-xp 00000000 08:06 1579443                    /lib/x86_64-linux-gnu/libc-2.15.so
7f73b39ef000-7f73b3bee000 ---p 001b5000 08:06 1579443                    /lib/x86_64-linux-gnu/libc-2.15.so
7f73b3bee000-7f73b3bf2000 r--p 001b4000 08:06 1579443                    /lib/x86_64-linux-gnu/libc-2.15.so
7f73b3bf2000-7f73b3bf4000 rw-p 001b8000 08:06 1579443                    /lib/x86_64-linux-gnu/libc-2.15.so
7f73b3bf4000-7f73b3bf9000 rw-p 00000000 00:00 0 
7f73b3bf9000-7f73b3bfb000 r-xp 00000000 08:06 1573775                    /lib/x86_64-linux-gnu/libdl-2.15.so
7f73b3bfb000-7f73b3dfb000 ---p 00002000 08:06 1573775                    /lib/x86_64-linux-gnu/libdl-2.15.so
7f73b3dfb000-7f73b3dfc000 r--p 00002000 08:06 1573775                    /lib/x86_64-linux-gnu/libdl-2.15.so
7f73b3dfc000-7f73b3dfd000 rw-p 00003000 08:06 1573775                    /lib/x86_64-linux-gnu/libdl-2.15.so
7f73b3dfd000-7f73b3e13000 r-xp 00000000 08:06 24644068                   /usr/lib/jvm/jdk1.7.0_10/jre/lib/amd64/jli/libjli.so
7f73b3e13000-7f73b4013000 ---p 00016000 08:06 24644068                   /usr/lib/jvm/jdk1.7.0_10/jre/lib/amd64/jli/libjli.so
7f73b4013000-7f73b4014000 rw-p 00016000 08:06 24644068                   /usr/lib/jvm/jdk1.7.0_10/jre/lib/amd64/jli/libjli.so
7f73b4014000-7f73b402c000 r-xp 00000000 08:06 1579445                    /lib/x86_64-linux-gnu/libpthread-2.15.so
7f73b402c000-7f73b422b000 ---p 00018000 08:06 1579445                    /lib/x86_64-linux-gnu/libpthread-2.15.so
7f73b422b000-7f73b422c000 r--p 00017000 08:06 1579445                    /lib/x86_64-linux-gnu/libpthread-2.15.so
7f73b422c000-7f73b422d000 rw-p 00018000 08:06 1579445                    /lib/x86_64-linux-gnu/libpthread-2.15.so
7f73b422d000-7f73b4231000 rw-p 00000000 00:00 0 
7f73b4231000-7f73b4253000 r-xp 00000000 08:06 1579457                    /lib/x86_64-linux-gnu/ld-2.15.so
7f73b4269000-7f73b4273000 rw-p 00000000 00:00 0 
7f73b4273000-7f73b4329000 rw-p 00000000 00:00 0 
7f73b4329000-7f73b432c000 ---p 00000000 00:00 0 
7f73b432c000-7f73b442e000 rw-p 00000000 00:00 0 
7f73b4447000-7f73b444f000 rw-s 00000000 08:06 14811425                   /tmp/hsperfdata_shunsuke/11794
7f73b444f000-7f73b4450000 rw-p 00000000 00:00 0 
7f73b4450000-7f73b4451000 r--p 00000000 00:00 0 
7f73b4451000-7f73b4453000 rw-p 00000000 00:00 0 
7f73b4453000-7f73b4454000 r--p 00022000 08:06 1579457                    /lib/x86_64-linux-gnu/ld-2.15.so
7f73b4454000-7f73b4456000 rw-p 00023000 08:06 1579457                    /lib/x86_64-linux-gnu/ld-2.15.so
7fff1479c000-7fff147bd000 rw-p 00000000 00:00 0                          [stack]
7fff147ff000-7fff14800000 r-xp 00000000 00:00 0                          [vdso]
ffffffffff600000-ffffffffff601000 r-xp 00000000 00:00 0                  [vsyscall]

VM Arguments:
jvm_args: -Dfile.encoding=UTF-8 -Xbootclasspath:/opt/android-sdk-linux/platforms/android-16/android.jar 
java_command: ya.example.manga4.CustomPagerAdapter
Launcher Type: SUN_STANDARD

Environment Variables:
PATH=/home/shunsuke/bin:/usr/lib/lightdm/lightdm:/usr/local/sbin:/usr/local/bin:/usr/sbin:/usr/bin:/sbin:/bin:/usr/games
SHELL=/bin/bash
DISPLAY=:0

Signal Handlers:
SIGSEGV: [libjvm.so+0x8a5c80], sa_mask[0]=0x7ffbfeff, sa_flags=0x10000004
SIGBUS: [libjvm.so+0x8a5c80], sa_mask[0]=0x7ffbfeff, sa_flags=0x10000004
SIGFPE: [libjvm.so+0x741d60], sa_mask[0]=0x7ffbfeff, sa_flags=0x10000004
SIGPIPE: [libjvm.so+0x741d60], sa_mask[0]=0x7ffbfeff, sa_flags=0x10000004
SIGXFSZ: [libjvm.so+0x741d60], sa_mask[0]=0x7ffbfeff, sa_flags=0x10000004
SIGILL: [libjvm.so+0x741d60], sa_mask[0]=0x7ffbfeff, sa_flags=0x10000004
SIGUSR1: SIG_DFL, sa_mask[0]=0x00000000, sa_flags=0x00000000
SIGUSR2: [libjvm.so+0x7416b0], sa_mask[0]=0x00000004, sa_flags=0x10000004
SIGHUP: SIG_DFL, sa_mask[0]=0x00000000, sa_flags=0x00000000
SIGINT: SIG_DFL, sa_mask[0]=0x00000000, sa_flags=0x00000000
SIGTERM: SIG_DFL, sa_mask[0]=0x00000000, sa_flags=0x00000000
SIGQUIT: SIG_DFL, sa_mask[0]=0x00000000, sa_flags=0x00000000


---------------  S Y S T E M  ---------------

OS:wheezy/sid

uname:Linux 3.2.0-51-generic #77-Ubuntu SMP Wed Jul 24 20:18:19 UTC 2013 x86_64
libc:glibc 2.15 NPTL 2.15 
rlimit: STACK 8192k, CORE 0k, NPROC 60538, NOFILE 4096, AS infinity
load average:0.53 0.66 0.55

/proc/meminfo:
MemTotal:        7766524 kB
MemFree:          329644 kB
Buffers:          607392 kB
Cached:          2004364 kB
SwapCached:            0 kB
Active:          5337208 kB
Inactive:        1605400 kB
Active(anon):    4388552 kB
Inactive(anon):   302992 kB
Active(file):     948656 kB
Inactive(file):  1302408 kB
Unevictable:           0 kB
Mlocked:               0 kB
SwapTotal:             0 kB
SwapFree:              0 kB
Dirty:               416 kB
Writeback:             0 kB
AnonPages:       4331340 kB
Mapped:           302168 kB
Shmem:            360692 kB
Slab:             327156 kB
SReclaimable:     289336 kB
SUnreclaim:        37820 kB
KernelStack:        4896 kB
PageTables:        47512 kB
NFS_Unstable:          0 kB
Bounce:                0 kB
WritebackTmp:          0 kB
CommitLimit:     3883260 kB
Committed_AS:    7681276 kB
VmallocTotal:   34359738367 kB
VmallocUsed:      366328 kB
VmallocChunk:   34359346112 kB
HardwareCorrupted:     0 kB
AnonHugePages:         0 kB
HugePages_Total:       0
HugePages_Free:        0
HugePages_Rsvd:        0
HugePages_Surp:        0
Hugepagesize:       2048 kB
DirectMap4k:       80076 kB
DirectMap2M:     7895040 kB


CPU:total 4 (4 cores per cpu, 2 threads per core) family 6 model 58 stepping 9, cmov, cx8, fxsr, mmx, sse, sse2, sse3, ssse3, sse4.1, sse4.2, popcnt, avx, ht, tsc, tscinvbit, tscinv

/proc/cpuinfo:
processor	: 0
vendor_id	: GenuineIntel
cpu family	: 6
model		: 58
model name	: Intel(R) Core(TM) i7-3612QM CPU @ 2.10GHz
stepping	: 9
microcode	: 0x12
cpu MHz		: 2101.000
cache size	: 6144 KB
physical id	: 0
siblings	: 4
core id		: 0
cpu cores	: 4
apicid		: 0
initial apicid	: 0
fpu		: yes
fpu_exception	: yes
cpuid level	: 13
wp		: yes
flags		: fpu vme de pse tsc msr pae mce cx8 apic sep mtrr pge mca cmov pat pse36 clflush dts acpi mmx fxsr sse sse2 ss ht tm pbe syscall nx rdtscp lm constant_tsc arch_perfmon pebs bts rep_good nopl xtopology nonstop_tsc aperfmperf pni pclmulqdq dtes64 monitor ds_cpl vmx est tm2 ssse3 cx16 xtpr pdcm pcid sse4_1 sse4_2 x2apic popcnt tsc_deadline_timer aes xsave avx f16c rdrand lahf_lm ida arat epb xsaveopt pln pts dtherm tpr_shadow vnmi flexpriority ept vpid fsgsbase smep erms
bogomips	: 4190.91
clflush size	: 64
cache_alignment	: 64
address sizes	: 36 bits physical, 48 bits virtual
power management:

processor	: 1
vendor_id	: GenuineIntel
cpu family	: 6
model		: 58
model name	: Intel(R) Core(TM) i7-3612QM CPU @ 2.10GHz
stepping	: 9
microcode	: 0x12
cpu MHz		: 2101.000
cache size	: 6144 KB
physical id	: 0
siblings	: 4
core id		: 1
cpu cores	: 4
apicid		: 2
initial apicid	: 2
fpu		: yes
fpu_exception	: yes
cpuid level	: 13
wp		: yes
flags		: fpu vme de pse tsc msr pae mce cx8 apic sep mtrr pge mca cmov pat pse36 clflush dts acpi mmx fxsr sse sse2 ss ht tm pbe syscall nx rdtscp lm constant_tsc arch_perfmon pebs bts rep_good nopl xtopology nonstop_tsc aperfmperf pni pclmulqdq dtes64 monitor ds_cpl vmx est tm2 ssse3 cx16 xtpr pdcm pcid sse4_1 sse4_2 x2apic popcnt tsc_deadline_timer aes xsave avx f16c rdrand lahf_lm ida arat epb xsaveopt pln pts dtherm tpr_shadow vnmi flexpriority ept vpid fsgsbase smep erms
bogomips	: 4190.30
clflush size	: 64
cache_alignment	: 64
address sizes	: 36 bits physical, 48 bits virtual
power management:

processor	: 2
vendor_id	: GenuineIntel
cpu family	: 6
model		: 58
model name	: Intel(R) Core(TM) i7-3612QM CPU @ 2.10GHz
stepping	: 9
microcode	: 0x12
cpu MHz		: 2100.000
cache size	: 6144 KB
physical id	: 0
siblings	: 4
core id		: 2
cpu cores	: 4
apicid		: 4
initial apicid	: 4
fpu		: yes
fpu_exception	: yes
cpuid level	: 13
wp		: yes
flags		: fpu vme de pse tsc msr pae mce cx8 apic sep mtrr pge mca cmov pat pse36 clflush dts acpi mmx fxsr sse sse2 ss ht tm pbe syscall nx rdtscp lm constant_tsc arch_perfmon pebs bts rep_good nopl xtopology nonstop_tsc aperfmperf pni pclmulqdq dtes64 monitor ds_cpl vmx est tm2 ssse3 cx16 xtpr pdcm pcid sse4_1 sse4_2 x2apic popcnt tsc_deadline_timer aes xsave avx f16c rdrand lahf_lm ida arat epb xsaveopt pln pts dtherm tpr_shadow vnmi flexpriority ept vpid fsgsbase smep erms
bogomips	: 4190.29
clflush size	: 64
cache_alignment	: 64
address sizes	: 36 bits physical, 48 bits virtual
power management:

processor	: 3
vendor_id	: GenuineIntel
cpu family	: 6
model		: 58
model name	: Intel(R) Core(TM) i7-3612QM CPU @ 2.10GHz
stepping	: 9
microcode	: 0x12
cpu MHz		: 2101.000
cache size	: 6144 KB
physical id	: 0
siblings	: 4
core id		: 3
cpu cores	: 4
apicid		: 6
initial apicid	: 6
fpu		: yes
fpu_exception	: yes
cpuid level	: 13
wp		: yes
flags		: fpu vme de pse tsc msr pae mce cx8 apic sep mtrr pge mca cmov pat pse36 clflush dts acpi mmx fxsr sse sse2 ss ht tm pbe syscall nx rdtscp lm constant_tsc arch_perfmon pebs bts rep_good nopl xtopology nonstop_tsc aperfmperf pni pclmulqdq dtes64 monitor ds_cpl vmx est tm2 ssse3 cx16 xtpr pdcm pcid sse4_1 sse4_2 x2apic popcnt tsc_deadline_timer aes xsave avx f16c rdrand lahf_lm ida arat epb xsaveopt pln pts dtherm tpr_shadow vnmi flexpriority ept vpid fsgsbase smep erms
bogomips	: 4190.29
clflush size	: 64
cache_alignment	: 64
address sizes	: 36 bits physical, 48 bits virtual
power management:



Memory: 4k page, physical 7766524k(329644k free), swap 0k(0k free)

vm_info: Java HotSpot(TM) 64-Bit Server VM (23.6-b04) for linux-amd64 JRE (1.7.0_10-b18), built on Nov 28 2012 03:39:52 by "java_re" with gcc 4.3.0 20080428 (Red Hat 4.3.0-8)

time: Fri Aug  9 11:56:26 2013
elapsed time: 0 seconds

