#
# A fatal error has been detected by the Java Runtime Environment:
#
#  Internal Error (javaClasses.cpp:129), pid=10690, tid=140719297177344
#  fatal error: Invalid layout of preloaded class
#
# JRE version: 7.0_10-b18
# Java VM: Java HotSpot(TM) 64-Bit Server VM (23.6-b04 mixed mode linux-amd64 compressed oops)
# Failed to write core dump. Core dumps have been disabled. To enable core dumping, try "ulimit -c unlimited" before starting Java again
#
# If you would like to submit a bug report, please visit:
#   http://bugreport.sun.com/bugreport/crash.jsp
#

---------------  T H R E A D  ---------------

Current thread (0x00007ffbbc009000):  JavaThread "Unknown thread" [_thread_in_vm, id=10695, stack(0x00007ffbc3a8a000,0x00007ffbc3b8b000)]

Stack: [0x00007ffbc3a8a000,0x00007ffbc3b8b000],  sp=0x00007ffbc3b897e0,  free space=1021k
Native frames: (J=compiled Java code, j=interpreted, Vv=VM code, C=native code)
V  [libjvm.so+0x8a531a]  VMError::report_and_die()+0x2ea
V  [libjvm.so+0x40aeb9]  report_fatal(char const*, int, char const*)+0x59
V  [libjvm.so+0x5558f7]  compute_offset(int&, klassOopDesc*, Symbol*, Symbol*, bool)+0x137
V  [libjvm.so+0x556ab9]  java_lang_String::compute_offsets()+0x39
V  [libjvm.so+0x8343d3]  SystemDictionary::initialize_preloaded_classes(Thread*)+0x143
V  [libjvm.so+0x880514]  Universe::genesis(Thread*)+0x474
V  [libjvm.so+0x8809c4]  universe2_init()+0x24
V  [libjvm.so+0x503d0d]  init_globals()+0xbd
V  [libjvm.so+0x866f62]  Threads::create_vm(JavaVMInitArgs*, bool*)+0x1e2
V  [libjvm.so+0x563bc4]  JNI_CreateJavaVM+0x74
C  [libjli.so+0x2f8e]  JavaMain+0x9e


---------------  P R O C E S S  ---------------

Java Threads: ( => current thread )

Other Threads:

=>0x00007ffbbc009000 (exited) JavaThread "Unknown thread" [_thread_in_vm, id=10695, stack(0x00007ffbc3a8a000,0x00007ffbc3b8b000)]

VM state:not at safepoint (not fully initialized)

VM Mutex/Monitor currently owned by a thread: None

GC Heap History (0 events):
No events

Deoptimization events (0 events):
No events

Internal exceptions (0 events):
No events

Events (10 events):
Event: 0.006 loading class 0x00007ffbbc02aa00 done
Event: 0.006 loading class 0x00007ffbbc02a2a0 done
Event: 0.006 loading class 0x00007ffbbc02a270
Event: 0.006 loading class 0x00007ffbbc0552c0
Event: 0.006 loading class 0x00007ffbbc0552c0 done
Event: 0.006 loading class 0x00007ffbbc055300
Event: 0.006 loading class 0x00007ffbbc055300 done
Event: 0.006 loading class 0x00007ffbbc055340
Event: 0.006 loading class 0x00007ffbbc055340 done
Event: 0.006 loading class 0x00007ffbbc02a270 done


Dynamic libraries:
00400000-00401000 r-xp 00000000 08:06 24643804                           /usr/lib/jvm/jdk1.7.0_10/bin/java
00600000-00601000 rw-p 00000000 08:06 24643804                           /usr/lib/jvm/jdk1.7.0_10/bin/java
024b7000-024d8000 rw-p 00000000 00:00 0                                  [heap]
84400000-858c0000 rw-p 00000000 00:00 0 
858c0000-89600000 rw-p 00000000 00:00 0 
89600000-8e510000 rw-p 00000000 00:00 0 
8e510000-d8760000 rw-p 00000000 00:00 0 
d8760000-daee0000 rw-p 00000000 00:00 0 
daee0000-100000000 rw-p 00000000 00:00 0 
7ffb9c000000-7ffb9c021000 rw-p 00000000 00:00 0 
7ffb9c021000-7ffba0000000 ---p 00000000 00:00 0 
7ffba4000000-7ffba4021000 rw-p 00000000 00:00 0 
7ffba4021000-7ffba8000000 ---p 00000000 00:00 0 
7ffbac000000-7ffbac021000 rw-p 00000000 00:00 0 
7ffbac021000-7ffbb0000000 ---p 00000000 00:00 0 
7ffbb0220000-7ffbb4000000 rw-p 00000000 00:00 0 
7ffbb4000000-7ffbb4021000 rw-p 00000000 00:00 0 
7ffbb4021000-7ffbb8000000 ---p 00000000 00:00 0 
7ffbb8088000-7ffbb9000000 rw-p 00000000 00:00 0 
7ffbb9000000-7ffbb9270000 rwxp 00000000 00:00 0 
7ffbb9270000-7ffbbc05f000 rw-p 00000000 00:00 0 
7ffbbc05f000-7ffbc0000000 ---p 00000000 00:00 0 
7ffbc0144000-7ffbc0372000 rw-p 00000000 00:00 0 
7ffbc0372000-7ffbc0434000 r--s 010c7000 08:06 5779176                    /opt/android-sdk-linux/platforms/android-16/android.jar
7ffbc0434000-7ffbc045c000 rw-p 00000000 00:00 0 
7ffbc045c000-7ffbc045d000 ---p 00000000 00:00 0 
7ffbc045d000-7ffbc055d000 rw-p 00000000 00:00 0 
7ffbc055d000-7ffbc055e000 ---p 00000000 00:00 0 
7ffbc055e000-7ffbc065e000 rw-p 00000000 00:00 0 
7ffbc065e000-7ffbc065f000 ---p 00000000 00:00 0 
7ffbc065f000-7ffbc075f000 rw-p 00000000 00:00 0 
7ffbc075f000-7ffbc0760000 ---p 00000000 00:00 0 
7ffbc0760000-7ffbc086b000 rw-p 00000000 00:00 0 
7ffbc086b000-7ffbc0889000 rw-p 00000000 00:00 0 
7ffbc0889000-7ffbc08b1000 rw-p 00000000 00:00 0 
7ffbc08b1000-7ffbc0b02000 rw-p 00000000 00:00 0 
7ffbc0b02000-7ffbc0b0d000 rw-p 00000000 00:00 0 
7ffbc0b0d000-7ffbc0b2b000 rw-p 00000000 00:00 0 
7ffbc0b2b000-7ffbc0b53000 rw-p 00000000 00:00 0 
7ffbc0b53000-7ffbc0da3000 rw-p 00000000 00:00 0 
7ffbc0da3000-7ffbc0db8000 rw-p 00000000 00:00 0 
7ffbc0db8000-7ffbc0ee0000 rw-p 00000000 00:00 0 
7ffbc0ee0000-7ffbc0ee1000 rw-p 00000000 00:00 0 
7ffbc0ee1000-7ffbc0efb000 r-xp 00000000 08:06 24644016                   /usr/lib/jvm/jdk1.7.0_10/jre/lib/amd64/libzip.so
7ffbc0efb000-7ffbc10fb000 ---p 0001a000 08:06 24644016                   /usr/lib/jvm/jdk1.7.0_10/jre/lib/amd64/libzip.so
7ffbc10fb000-7ffbc10fc000 rw-p 0001a000 08:06 24644016                   /usr/lib/jvm/jdk1.7.0_10/jre/lib/amd64/libzip.so
7ffbc10fc000-7ffbc1108000 r-xp 00000000 08:06 1579453                    /lib/x86_64-linux-gnu/libnss_files-2.15.so
7ffbc1108000-7ffbc1307000 ---p 0000c000 08:06 1579453                    /lib/x86_64-linux-gnu/libnss_files-2.15.so
7ffbc1307000-7ffbc1308000 r--p 0000b000 08:06 1579453                    /lib/x86_64-linux-gnu/libnss_files-2.15.so
7ffbc1308000-7ffbc1309000 rw-p 0000c000 08:06 1579453                    /lib/x86_64-linux-gnu/libnss_files-2.15.so
7ffbc1309000-7ffbc1313000 r-xp 00000000 08:06 1579449                    /lib/x86_64-linux-gnu/libnss_nis-2.15.so
7ffbc1313000-7ffbc1513000 ---p 0000a000 08:06 1579449                    /lib/x86_64-linux-gnu/libnss_nis-2.15.so
7ffbc1513000-7ffbc1514000 r--p 0000a000 08:06 1579449                    /lib/x86_64-linux-gnu/libnss_nis-2.15.so
7ffbc1514000-7ffbc1515000 rw-p 0000b000 08:06 1579449                    /lib/x86_64-linux-gnu/libnss_nis-2.15.so
7ffbc1515000-7ffbc152c000 r-xp 00000000 08:06 1579462                    /lib/x86_64-linux-gnu/libnsl-2.15.so
7ffbc152c000-7ffbc172b000 ---p 00017000 08:06 1579462                    /lib/x86_64-linux-gnu/libnsl-2.15.so
7ffbc172b000-7ffbc172c000 r--p 00016000 08:06 1579462                    /lib/x86_64-linux-gnu/libnsl-2.15.so
7ffbc172c000-7ffbc172d000 rw-p 00017000 08:06 1579462                    /lib/x86_64-linux-gnu/libnsl-2.15.so
7ffbc172d000-7ffbc172f000 rw-p 00000000 00:00 0 
7ffbc172f000-7ffbc1737000 r-xp 00000000 08:06 1579454                    /lib/x86_64-linux-gnu/libnss_compat-2.15.so
7ffbc1737000-7ffbc1936000 ---p 00008000 08:06 1579454                    /lib/x86_64-linux-gnu/libnss_compat-2.15.so
7ffbc1936000-7ffbc1937000 r--p 00007000 08:06 1579454                    /lib/x86_64-linux-gnu/libnss_compat-2.15.so
7ffbc1937000-7ffbc1938000 rw-p 00008000 08:06 1579454                    /lib/x86_64-linux-gnu/libnss_compat-2.15.so
7ffbc1938000-7ffbc1961000 r-xp 00000000 08:06 24644056                   /usr/lib/jvm/jdk1.7.0_10/jre/lib/amd64/libjava.so
7ffbc1961000-7ffbc1b61000 ---p 00029000 08:06 24644056                   /usr/lib/jvm/jdk1.7.0_10/jre/lib/amd64/libjava.so
7ffbc1b61000-7ffbc1b63000 rw-p 00029000 08:06 24644056                   /usr/lib/jvm/jdk1.7.0_10/jre/lib/amd64/libjava.so
7ffbc1b63000-7ffbc1b70000 r-xp 00000000 08:06 24644071                   /usr/lib/jvm/jdk1.7.0_10/jre/lib/amd64/libverify.so
7ffbc1b70000-7ffbc1d6f000 ---p 0000d000 08:06 24644071                   /usr/lib/jvm/jdk1.7.0_10/jre/lib/amd64/libverify.so
7ffbc1d6f000-7ffbc1d71000 rw-p 0000c000 08:06 24644071                   /usr/lib/jvm/jdk1.7.0_10/jre/lib/amd64/libverify.so
7ffbc1d71000-7ffbc1d78000 r-xp 00000000 08:06 1579447                    /lib/x86_64-linux-gnu/librt-2.15.so
7ffbc1d78000-7ffbc1f77000 ---p 00007000 08:06 1579447                    /lib/x86_64-linux-gnu/librt-2.15.so
7ffbc1f77000-7ffbc1f78000 r--p 00006000 08:06 1579447                    /lib/x86_64-linux-gnu/librt-2.15.so
7ffbc1f78000-7ffbc1f79000 rw-p 00007000 08:06 1579447                    /lib/x86_64-linux-gnu/librt-2.15.so
7ffbc1f79000-7ffbc2074000 r-xp 00000000 08:06 1579451                    /lib/x86_64-linux-gnu/libm-2.15.so
7ffbc2074000-7ffbc2273000 ---p 000fb000 08:06 1579451                    /lib/x86_64-linux-gnu/libm-2.15.so
7ffbc2273000-7ffbc2274000 r--p 000fa000 08:06 1579451                    /lib/x86_64-linux-gnu/libm-2.15.so
7ffbc2274000-7ffbc2275000 rw-p 000fb000 08:06 1579451                    /lib/x86_64-linux-gnu/libm-2.15.so
7ffbc2275000-7ffbc2cbc000 r-xp 00000000 08:06 24644025                   /usr/lib/jvm/jdk1.7.0_10/jre/lib/amd64/server/libjvm.so
7ffbc2cbc000-7ffbc2ebc000 ---p 00a47000 08:06 24644025                   /usr/lib/jvm/jdk1.7.0_10/jre/lib/amd64/server/libjvm.so
7ffbc2ebc000-7ffbc2f5f000 rw-p 00a47000 08:06 24644025                   /usr/lib/jvm/jdk1.7.0_10/jre/lib/amd64/server/libjvm.so
7ffbc2f5f000-7ffbc2f9b000 rw-p 00000000 00:00 0 
7ffbc2f9b000-7ffbc3150000 r-xp 00000000 08:06 1579443                    /lib/x86_64-linux-gnu/libc-2.15.so
7ffbc3150000-7ffbc334f000 ---p 001b5000 08:06 1579443                    /lib/x86_64-linux-gnu/libc-2.15.so
7ffbc334f000-7ffbc3353000 r--p 001b4000 08:06 1579443                    /lib/x86_64-linux-gnu/libc-2.15.so
7ffbc3353000-7ffbc3355000 rw-p 001b8000 08:06 1579443                    /lib/x86_64-linux-gnu/libc-2.15.so
7ffbc3355000-7ffbc335a000 rw-p 00000000 00:00 0 
7ffbc335a000-7ffbc335c000 r-xp 00000000 08:06 1573775                    /lib/x86_64-linux-gnu/libdl-2.15.so
7ffbc335c000-7ffbc355c000 ---p 00002000 08:06 1573775                    /lib/x86_64-linux-gnu/libdl-2.15.so
7ffbc355c000-7ffbc355d000 r--p 00002000 08:06 1573775                    /lib/x86_64-linux-gnu/libdl-2.15.so
7ffbc355d000-7ffbc355e000 rw-p 00003000 08:06 1573775                    /lib/x86_64-linux-gnu/libdl-2.15.so
7ffbc355e000-7ffbc3574000 r-xp 00000000 08:06 24644068                   /usr/lib/jvm/jdk1.7.0_10/jre/lib/amd64/jli/libjli.so
7ffbc3574000-7ffbc3774000 ---p 00016000 08:06 24644068                   /usr/lib/jvm/jdk1.7.0_10/jre/lib/amd64/jli/libjli.so
7ffbc3774000-7ffbc3775000 rw-p 00016000 08:06 24644068                   /usr/lib/jvm/jdk1.7.0_10/jre/lib/amd64/jli/libjli.so
7ffbc3775000-7ffbc378d000 r-xp 00000000 08:06 1579445                    /lib/x86_64-linux-gnu/libpthread-2.15.so
7ffbc378d000-7ffbc398c000 ---p 00018000 08:06 1579445                    /lib/x86_64-linux-gnu/libpthread-2.15.so
7ffbc398c000-7ffbc398d000 r--p 00017000 08:06 1579445                    /lib/x86_64-linux-gnu/libpthread-2.15.so
7ffbc398d000-7ffbc398e000 rw-p 00018000 08:06 1579445                    /lib/x86_64-linux-gnu/libpthread-2.15.so
7ffbc398e000-7ffbc3992000 rw-p 00000000 00:00 0 
7ffbc3992000-7ffbc39b4000 r-xp 00000000 08:06 1579457                    /lib/x86_64-linux-gnu/ld-2.15.so
7ffbc39ca000-7ffbc39d4000 rw-p 00000000 00:00 0 
7ffbc39d4000-7ffbc3a8a000 rw-p 00000000 00:00 0 
7ffbc3a8a000-7ffbc3a8d000 ---p 00000000 00:00 0 
7ffbc3a8d000-7ffbc3b8f000 rw-p 00000000 00:00 0 
7ffbc3ba8000-7ffbc3bb0000 rw-s 00000000 08:06 14811425                   /tmp/hsperfdata_shunsuke/10690
7ffbc3bb0000-7ffbc3bb1000 rw-p 00000000 00:00 0 
7ffbc3bb1000-7ffbc3bb2000 r--p 00000000 00:00 0 
7ffbc3bb2000-7ffbc3bb4000 rw-p 00000000 00:00 0 
7ffbc3bb4000-7ffbc3bb5000 r--p 00022000 08:06 1579457                    /lib/x86_64-linux-gnu/ld-2.15.so
7ffbc3bb5000-7ffbc3bb7000 rw-p 00023000 08:06 1579457                    /lib/x86_64-linux-gnu/ld-2.15.so
7fff08a80000-7fff08aa1000 rw-p 00000000 00:00 0                          [stack]
7fff08ab3000-7fff08ab4000 r-xp 00000000 00:00 0                          [vdso]
ffffffffff600000-ffffffffff601000 r-xp 00000000 00:00 0                  [vsyscall]

VM Arguments:
jvm_args: -Dfile.encoding=UTF-8 -Xbootclasspath:/opt/android-sdk-linux/platforms/android-16/android.jar 
java_command: ya.example.manga4.CustomPagerAdapter
Launcher Type: SUN_STANDARD

Environment Variables:
PATH=/home/shunsuke/bin:/usr/lib/lightdm/lightdm:/usr/local/sbin:/usr/local/bin:/usr/sbin:/usr/bin:/sbin:/bin:/usr/games
SHELL=/bin/bash
DISPLAY=:0

Signal Handlers:
SIGSEGV: [libjvm.so+0x8a5c80], sa_mask[0]=0x7ffbfeff, sa_flags=0x10000004
SIGBUS: [libjvm.so+0x8a5c80], sa_mask[0]=0x7ffbfeff, sa_flags=0x10000004
SIGFPE: [libjvm.so+0x741d60], sa_mask[0]=0x7ffbfeff, sa_flags=0x10000004
SIGPIPE: [libjvm.so+0x741d60], sa_mask[0]=0x7ffbfeff, sa_flags=0x10000004
SIGXFSZ: [libjvm.so+0x741d60], sa_mask[0]=0x7ffbfeff, sa_flags=0x10000004
SIGILL: [libjvm.so+0x741d60], sa_mask[0]=0x7ffbfeff, sa_flags=0x10000004
SIGUSR1: SIG_DFL, sa_mask[0]=0x00000000, sa_flags=0x00000000
SIGUSR2: [libjvm.so+0x7416b0], sa_mask[0]=0x00000004, sa_flags=0x10000004
SIGHUP: SIG_DFL, sa_mask[0]=0x00000000, sa_flags=0x00000000
SIGINT: SIG_DFL, sa_mask[0]=0x00000000, sa_flags=0x00000000
SIGTERM: SIG_DFL, sa_mask[0]=0x00000000, sa_flags=0x00000000
SIGQUIT: SIG_DFL, sa_mask[0]=0x00000000, sa_flags=0x00000000


---------------  S Y S T E M  ---------------

OS:wheezy/sid

uname:Linux 3.2.0-51-generic #77-Ubuntu SMP Wed Jul 24 20:18:19 UTC 2013 x86_64
libc:glibc 2.15 NPTL 2.15 
rlimit: STACK 8192k, CORE 0k, NPROC 60538, NOFILE 4096, AS infinity
load average:0.55 0.59 0.50

/proc/meminfo:
MemTotal:        7766524 kB
MemFree:          378832 kB
Buffers:          607196 kB
Cached:          2006896 kB
SwapCached:            0 kB
Active:          5287688 kB
Inactive:        1607424 kB
Active(anon):    4338252 kB
Inactive(anon):   300996 kB
Active(file):     949436 kB
Inactive(file):  1306428 kB
Unevictable:           0 kB
Mlocked:               0 kB
SwapTotal:             0 kB
SwapFree:              0 kB
Dirty:               492 kB
Writeback:             0 kB
AnonPages:       4281072 kB
Mapped:           301416 kB
Shmem:            358232 kB
Slab:             327144 kB
SReclaimable:     289380 kB
SUnreclaim:        37764 kB
KernelStack:        4888 kB
PageTables:        46968 kB
NFS_Unstable:          0 kB
Bounce:                0 kB
WritebackTmp:          0 kB
CommitLimit:     3883260 kB
Committed_AS:    7635776 kB
VmallocTotal:   34359738367 kB
VmallocUsed:      366316 kB
VmallocChunk:   34359346112 kB
HardwareCorrupted:     0 kB
AnonHugePages:         0 kB
HugePages_Total:       0
HugePages_Free:        0
HugePages_Rsvd:        0
HugePages_Surp:        0
Hugepagesize:       2048 kB
DirectMap4k:       80076 kB
DirectMap2M:     7895040 kB


CPU:total 4 (4 cores per cpu, 2 threads per core) family 6 model 58 stepping 9, cmov, cx8, fxsr, mmx, sse, sse2, sse3, ssse3, sse4.1, sse4.2, popcnt, avx, ht, tsc, tscinvbit, tscinv

/proc/cpuinfo:
processor	: 0
vendor_id	: GenuineIntel
cpu family	: 6
model		: 58
model name	: Intel(R) Core(TM) i7-3612QM CPU @ 2.10GHz
stepping	: 9
microcode	: 0x12
cpu MHz		: 1900.000
cache size	: 6144 KB
physical id	: 0
siblings	: 4
core id		: 0
cpu cores	: 4
apicid		: 0
initial apicid	: 0
fpu		: yes
fpu_exception	: yes
cpuid level	: 13
wp		: yes
flags		: fpu vme de pse tsc msr pae mce cx8 apic sep mtrr pge mca cmov pat pse36 clflush dts acpi mmx fxsr sse sse2 ss ht tm pbe syscall nx rdtscp lm constant_tsc arch_perfmon pebs bts rep_good nopl xtopology nonstop_tsc aperfmperf pni pclmulqdq dtes64 monitor ds_cpl vmx est tm2 ssse3 cx16 xtpr pdcm pcid sse4_1 sse4_2 x2apic popcnt tsc_deadline_timer aes xsave avx f16c rdrand lahf_lm ida arat epb xsaveopt pln pts dtherm tpr_shadow vnmi flexpriority ept vpid fsgsbase smep erms
bogomips	: 4190.91
clflush size	: 64
cache_alignment	: 64
address sizes	: 36 bits physical, 48 bits virtual
power management:

processor	: 1
vendor_id	: GenuineIntel
cpu family	: 6
model		: 58
model name	: Intel(R) Core(TM) i7-3612QM CPU @ 2.10GHz
stepping	: 9
microcode	: 0x12
cpu MHz		: 1200.000
cache size	: 6144 KB
physical id	: 0
siblings	: 4
core id		: 1
cpu cores	: 4
apicid		: 2
initial apicid	: 2
fpu		: yes
fpu_exception	: yes
cpuid level	: 13
wp		: yes
flags		: fpu vme de pse tsc msr pae mce cx8 apic sep mtrr pge mca cmov pat pse36 clflush dts acpi mmx fxsr sse sse2 ss ht tm pbe syscall nx rdtscp lm constant_tsc arch_perfmon pebs bts rep_good nopl xtopology nonstop_tsc aperfmperf pni pclmulqdq dtes64 monitor ds_cpl vmx est tm2 ssse3 cx16 xtpr pdcm pcid sse4_1 sse4_2 x2apic popcnt tsc_deadline_timer aes xsave avx f16c rdrand lahf_lm ida arat epb xsaveopt pln pts dtherm tpr_shadow vnmi flexpriority ept vpid fsgsbase smep erms
bogomips	: 4190.30
clflush size	: 64
cache_alignment	: 64
address sizes	: 36 bits physical, 48 bits virtual
power management:

processor	: 2
vendor_id	: GenuineIntel
cpu family	: 6
model		: 58
model name	: Intel(R) Core(TM) i7-3612QM CPU @ 2.10GHz
stepping	: 9
microcode	: 0x12
cpu MHz		: 1600.000
cache size	: 6144 KB
physical id	: 0
siblings	: 4
core id		: 2
cpu cores	: 4
apicid		: 4
initial apicid	: 4
fpu		: yes
fpu_exception	: yes
cpuid level	: 13
wp		: yes
flags		: fpu vme de pse tsc msr pae mce cx8 apic sep mtrr pge mca cmov pat pse36 clflush dts acpi mmx fxsr sse sse2 ss ht tm pbe syscall nx rdtscp lm constant_tsc arch_perfmon pebs bts rep_good nopl xtopology nonstop_tsc aperfmperf pni pclmulqdq dtes64 monitor ds_cpl vmx est tm2 ssse3 cx16 xtpr pdcm pcid sse4_1 sse4_2 x2apic popcnt tsc_deadline_timer aes xsave avx f16c rdrand lahf_lm ida arat epb xsaveopt pln pts dtherm tpr_shadow vnmi flexpriority ept vpid fsgsbase smep erms
bogomips	: 4190.29
clflush size	: 64
cache_alignment	: 64
address sizes	: 36 bits physical, 48 bits virtual
power management:

processor	: 3
vendor_id	: GenuineIntel
cpu family	: 6
model		: 58
model name	: Intel(R) Core(TM) i7-3612QM CPU @ 2.10GHz
stepping	: 9
microcode	: 0x12
cpu MHz		: 2101.000
cache size	: 6144 KB
physical id	: 0
siblings	: 4
core id		: 3
cpu cores	: 4
apicid		: 6
initial apicid	: 6
fpu		: yes
fpu_exception	: yes
cpuid level	: 13
wp		: yes
flags		: fpu vme de pse tsc msr pae mce cx8 apic sep mtrr pge mca cmov pat pse36 clflush dts acpi mmx fxsr sse sse2 ss ht tm pbe syscall nx rdtscp lm constant_tsc arch_perfmon pebs bts rep_good nopl xtopology nonstop_tsc aperfmperf pni pclmulqdq dtes64 monitor ds_cpl vmx est tm2 ssse3 cx16 xtpr pdcm pcid sse4_1 sse4_2 x2apic popcnt tsc_deadline_timer aes xsave avx f16c rdrand lahf_lm ida arat epb xsaveopt pln pts dtherm tpr_shadow vnmi flexpriority ept vpid fsgsbase smep erms
bogomips	: 4190.29
clflush size	: 64
cache_alignment	: 64
address sizes	: 36 bits physical, 48 bits virtual
power management:



Memory: 4k page, physical 7766524k(378832k free), swap 0k(0k free)

vm_info: Java HotSpot(TM) 64-Bit Server VM (23.6-b04) for linux-amd64 JRE (1.7.0_10-b18), built on Nov 28 2012 03:39:52 by "java_re" with gcc 4.3.0 20080428 (Red Hat 4.3.0-8)

time: Fri Aug  9 11:53:28 2013
elapsed time: 0 seconds

